mysql> notee
mysql> UPDATE record SET heat_w = REPLACE(heat, '万热度', '')
    -> ;
Query OK, 26144 rows affected (3.17 sec)
Rows matched: 26144  Changed: 26144  Warnings: 0

mysql> SELECT COUNT(*) cnt FROM record WHERE heat_w is null and heat is not null;
+-----+
| cnt |
+-----+
|   0 |
+-----+
1 row in set (0.01 sec)

mysql> select * from record where id = 2
    -> ;
+----+-----------+----------+--------------------+---------+--------------------------------------------------------------------------------------------------+---------------+------------+------------+---------------+-------------+---------------------------------------------------------------------------------------------------------------------------------------------------------------------------------------------------+--------------------------------------------------------------------------------------------------------------------------------------------------------------------------------------------------------+------------------------------------------+--------+
| id | qid       | crawl_id | hit_at             | ranking | title                                                                                            | heat          | created    | visitCount | followerCount | answerCount | excerpt                                                                                                                                                                                           | raw                                                                                                                                                                                                    | url                                      | heat_w |
+----+-----------+----------+--------------------+---------+--------------------------------------------------------------------------------------------------+---------------+------------+------------+---------------+-------------+---------------------------------------------------------------------------------------------------------------------------------------------------------------------------------------------------+--------------------------------------------------------------------------------------------------------------------------------------------------------------------------------------------------------+------------------------------------------+--------+
|  2 | 542185276 |        1 | 1657264956.8842304 |       1 | 安倍晋三中枪已无生命体征，可能对日本政坛和东亚局势产生哪些影响？                                 | 8994万热度    | 1657251366 |   11519271 |          4268 |        1630 | 当地时间 8 日，日本前首相安倍晋三当天上午在奈良发表演讲时中枪 。据悉，安倍晋三在上救护车时还有意识，目前安倍晋三已经没有生命体征。                                                                | <p>当地时间8日，日本前首相安倍晋三当天上午在奈良发表演讲时中枪 。据悉，安倍晋三在上救护车时还有意识，目前安倍晋三已经没有生命体征。</p>                                                                | https://www.zhihu.com/question/542185276 |   8994 |
+----+-----------+----------+--------------------+---------+--------------------------------------------------------------------------------------------------+---------------+------------+------------+---------------+-------------+---------------------------------------------------------------------------------------------------------------------------------------------------------------------------------------------------+--------------------------------------------------------------------------------------------------------------------------------------------------------------------------------------------------------+------------------------------------------+--------+
1 row in set (0.00 sec)

mysql> notee
