mysql> SELECT DISTINCT q1.title FROM(      SELECT * FROM record where title like '%高考%' )q1;
+--------------------------------------------------------------------------------------------------------------------------------------------------+
| title                                                                                                                                            |
+--------------------------------------------------------------------------------------------------------------------------------------------------+
| 高考失败，想复读但最后又放弃复读的学长学姐们，你们现在后悔吗？                                                                                   |
| 上海高考 7 日开考，延期一个月后，上海考生需要注意哪些事项？                                                                                      |
| 高考没有考到理想的成绩怎么办，父母让我复读，可是我不想怎么办?                                                                                    |
| 全国高考生是怎么看待上海高考难度的？题目难度究竟如何？                                                                                           |
| 聊聊迟来的上海高考，今年与往年相比有哪些新变化？                                                                                                 |
| 如何评价 2022 年上海高考英语？                                                                                                                   |
| 高考 200 多分还要不要读大专，还是选择打工？                                                                                                      |
| 高考考砸了，是走专升本还是复读？                                                                                                                 |
| 高考真的不能用 0.38 的笔吗？                                                                                                                     |
| 如何看待张雪峰建议考生高考结束即可准备考研？                                                                                                     |
| 张雪峰回应「建议高考结束即可准备考研」，如何看待张雪峰这一观点？                                                                                 |
| 我是 2024 届高考考生，未来想当一位临床医生，我确定选了物理化学，请问是还有一门是选地理还是生物呢？                                               |
| 2022 年高考报志愿哪些专业就业前景比较好？作为过来人，你有什么经验分享？                                                                          |
+--------------------------------------------------------------------------------------------------------------------------------------------------+
13 rows in set (0.03 sec)

mysql> notee
