mysql> SELECT title, COUNT(*) FROM record GROUP BY title HAVING COUNT(*) > 100 ORDER BY COUNT(*) DESC;
+-----------------------------------------------------------------------------------------------------------------------------------------------------------+----------+
| title                                                                                                                                                     | COUNT(*) |
+-----------------------------------------------------------------------------------------------------------------------------------------------------------+----------+
| 现在的房子都建二三十层高，将来房龄到了，老房子该怎么处理？                                                                                                |      213 |
| 已经 2022 年了，为什么我还是没觉得 5G 有多厉害，5G 究竟有什么实际用途？                                                                                   |      176 |
| 同样都是走高端路线，为什么钟薛高被骂上热搜，而哈根达斯却没有？                                                                                            |      163 |
| 如何看待在读博士被岳父举报「嫖娼成瘾」，校方回应称已启动调查？                                                                                            |      158 |
| 前是华为，后到比亚迪，为什么让国人承认国产优秀这么难？                                                                                                    |      136 |
| 《谭谈交通》在 B 站突然下线，谭乔或面临巨额赔偿，出了什么问题？                                                                                           |      135 |
| 如何看待恐怖片《咒》因诅咒情节太晦气上热搜？                                                                                                              |      129 |
| 如何看待武汉理工大学 2021 级专硕全部去襄阳进行为期一年的专业实践?                                                                                         |      125 |
| 安倍晋三遭枪击身亡，按照日本法律行凶者涉嫌何种罪名？会不会被判处死刑？                                                                                    |      123 |
| 上海瑞金医院内一男子持刀伤人致 4 伤，涉事男子将承担哪些法律责任？                                                                                         |      122 |
| 据说《咒》很邪门，是真的吗？                                                                                                                              |      122 |
| 日语里的「猪突猛进」是什么含义？                                                                                                                          |      120 |
| 警方透露「枪击安倍嫌犯重复说难以理解的话，正慎重调查其是否具有刑事责任能力」，如何从法律角度解读？                                                        |      120 |
| 有些车主宁愿把车停在路边也不愿意花几百块钱租个车位是什么心理？                                                                                            |      119 |
| 7 月 10 日中国三人女篮击败澳大利亚队，获得亚洲杯冠军，如何评价本次比赛中国女篮的表现？                                                                    |      118 |
| 飞机上不打开飞行模式会被发现吗？                                                                                                                          |      116 |
| 如何看待周杰伦亲自弹钢琴为网友伴奏新歌《最伟大的作品》，周杰伦的钢琴水平究竟怎么样？                                                                      |      115 |
| 华南国家植物园在广州揭牌成立，是目前世界上最大的南亚热带植物园，你有哪些期待？                                                                            |      113 |
| 「中国复眼」开建，可实现千万公里外小行星探测成像，将对观测工作带来哪些帮助？对于我国航天事业有何意义？                                                    |      113 |
| 把还不会说话的婴儿聚到一起，不教他们说话，会产生新的语言吗？                                                                                              |      110 |
| 如何评价歌曲《孤勇者》的作词水平？                                                                                                                        |      108 |
| 为什么看完电影《咒》的大部分观众都很生气，甚至觉得晦气？                                                                                                  |      107 |
| 河南禹州新民生等村镇银行风险处置方案即将公布，后续进展会如何？                                                                                            |      107 |
| 国内哪个男演员适合演《三体》里的罗辑？                                                                                                                    |      106 |
| 网传一游客从泸定桥坠入大渡河，警方称「正在全力搜救」，目前救援进展如何？出游应注意什么？                                                                  |      105 |
| 请问乌克兰有那么多的核弹，就是销毁了也可以再造出来吧，为什么却造不出来呢？                                                                                |      103 |
| 如何看待红网论坛发布「关闭青少年游戏，是亿万家长和所有教师的呼声」？                                                                                      |      103 |
| 7 月 9 日河南省考近 20 万人弃考，出现这种现象的原因有哪些？                                                                                               |      103 |
| 安倍晋三遇刺会对 7 月 10 日日本参议院选举产生什么影响？                                                                                                   |      102 |
+-----------------------------------------------------------------------------------------------------------------------------------------------------------+----------+
29 rows in set (0.06 sec)

mysql> notee
